<?xml version="1.0" encoding="UTF-8"?>
<testsuite xmlns:xsi="http://www.w3.org/2001/XMLSchema-instance" xsi:noNamespaceSchemaLocation="https://maven.apache.org/surefire/maven-surefire-plugin/xsd/surefire-test-report.xsd" name="fr.univavignon.pokedex.api.IPokemonMetadataProviderTest" time="0.335" tests="5" errors="0" skipped="0" failures="0">
  <properties>
    <property name="java.specification.version" value="19"/>
    <property name="sun.cpu.isalist" value="amd64"/>
    <property name="sun.jnu.encoding" value="Cp1252"/>
    <property name="java.class.path" value="C:\Users\bouzi\IdeaProjects\ceri-m1-techniques-de-test\target\test-classes;C:\Users\bouzi\IdeaProjects\ceri-m1-techniques-de-test\target\classes;C:\Users\bouzi\.m2\repository\org\junit\jupiter\junit-jupiter-api\5.8.2\junit-jupiter-api-5.8.2.jar;C:\Users\bouzi\.m2\repository\org\opentest4j\opentest4j\1.2.0\opentest4j-1.2.0.jar;C:\Users\bouzi\.m2\repository\org\junit\platform\junit-platform-commons\1.8.2\junit-platform-commons-1.8.2.jar;C:\Users\bouzi\.m2\repository\org\apiguardian\apiguardian-api\1.1.2\apiguardian-api-1.1.2.jar;C:\Users\bouzi\.m2\repository\org\junit\jupiter\junit-jupiter-engine\5.8.2\junit-jupiter-engine-5.8.2.jar;C:\Users\bouzi\.m2\repository\org\junit\platform\junit-platform-engine\1.8.2\junit-platform-engine-1.8.2.jar;C:\Users\bouzi\.m2\repository\org\mockito\mockito-core\4.2.0\mockito-core-4.2.0.jar;C:\Users\bouzi\.m2\repository\net\bytebuddy\byte-buddy\1.12.4\byte-buddy-1.12.4.jar;C:\Users\bouzi\.m2\repository\net\bytebuddy\byte-buddy-agent\1.12.4\byte-buddy-agent-1.12.4.jar;C:\Users\bouzi\.m2\repository\org\objenesis\objenesis\3.2\objenesis-3.2.jar;C:\Users\bouzi\.m2\repository\org\mockito\mockito-junit-jupiter\4.2.0\mockito-junit-jupiter-4.2.0.jar;C:\Users\bouzi\.m2\repository\org\mockito\mockito-inline\4.2.0\mockito-inline-4.2.0.jar;C:\Users\bouzi\.m2\repository\com\puppycrawl\tools\checkstyle\10.14.2\checkstyle-10.14.2.jar;C:\Users\bouzi\.m2\repository\info\picocli\picocli\4.7.5\picocli-4.7.5.jar;C:\Users\bouzi\.m2\repository\org\antlr\antlr4-runtime\4.13.1\antlr4-runtime-4.13.1.jar;C:\Users\bouzi\.m2\repository\commons-beanutils\commons-beanutils\1.9.4\commons-beanutils-1.9.4.jar;C:\Users\bouzi\.m2\repository\commons-logging\commons-logging\1.2\commons-logging-1.2.jar;C:\Users\bouzi\.m2\repository\commons-collections\commons-collections\3.2.2\commons-collections-3.2.2.jar;C:\Users\bouzi\.m2\repository\com\google\guava\guava\33.1.0-jre\guava-33.1.0-jre.jar;C:\Users\bouzi\.m2\repository\com\google\guava\failureaccess\1.0.2\failureaccess-1.0.2.jar;C:\Users\bouzi\.m2\repository\com\google\guava\listenablefuture\9999.0-empty-to-avoid-conflict-with-guava\listenablefuture-9999.0-empty-to-avoid-conflict-with-guava.jar;C:\Users\bouzi\.m2\repository\com\google\code\findbugs\jsr305\3.0.2\jsr305-3.0.2.jar;C:\Users\bouzi\.m2\repository\com\google\errorprone\error_prone_annotations\2.26.1\error_prone_annotations-2.26.1.jar;C:\Users\bouzi\.m2\repository\com\google\j2objc\j2objc-annotations\3.0.0\j2objc-annotations-3.0.0.jar;C:\Users\bouzi\.m2\repository\org\reflections\reflections\0.10.2\reflections-0.10.2.jar;C:\Users\bouzi\.m2\repository\org\javassist\javassist\3.28.0-GA\javassist-3.28.0-GA.jar;C:\Users\bouzi\.m2\repository\org\slf4j\slf4j-api\1.7.32\slf4j-api-1.7.32.jar;C:\Users\bouzi\.m2\repository\net\sf\saxon\Saxon-HE\12.4\Saxon-HE-12.4.jar;C:\Users\bouzi\.m2\repository\org\xmlresolver\xmlresolver\5.2.2\xmlresolver-5.2.2.jar;C:\Users\bouzi\.m2\repository\org\apache\httpcomponents\client5\httpclient5\5.1.3\httpclient5-5.1.3.jar;C:\Users\bouzi\.m2\repository\org\apache\httpcomponents\core5\httpcore5-h2\5.1.3\httpcore5-h2-5.1.3.jar;C:\Users\bouzi\.m2\repository\commons-codec\commons-codec\1.15\commons-codec-1.15.jar;C:\Users\bouzi\.m2\repository\org\apache\httpcomponents\core5\httpcore5\5.1.3\httpcore5-5.1.3.jar;C:\Users\bouzi\.m2\repository\org\xmlresolver\xmlresolver\5.2.2\xmlresolver-5.2.2-data.jar;C:\Users\bouzi\.m2\repository\org\checkerframework\checker-qual\3.42.0\checker-qual-3.42.0.jar;C:\Users\bouzi\.m2\repository\org\apache\maven\doxia\doxia-core\1.12.0\doxia-core-1.12.0.jar;C:\Users\bouzi\.m2\repository\org\apache\maven\doxia\doxia-sink-api\1.12.0\doxia-sink-api-1.12.0.jar;C:\Users\bouzi\.m2\repository\org\apache\maven\doxia\doxia-logging-api\1.12.0\doxia-logging-api-1.12.0.jar;C:\Users\bouzi\.m2\repository\org\codehaus\plexus\plexus-utils\3.3.0\plexus-utils-3.3.0.jar;C:\Users\bouzi\.m2\repository\org\codehaus\plexus\plexus-container-default\2.1.0\plexus-container-default-2.1.0.jar;C:\Users\bouzi\.m2\repository\org\codehaus\plexus\plexus-classworlds\2.6.0\plexus-classworlds-2.6.0.jar;C:\Users\bouzi\.m2\repository\org\apache\xbean\xbean-reflect\3.7\xbean-reflect-3.7.jar;C:\Users\bouzi\.m2\repository\org\codehaus\plexus\plexus-component-annotations\2.1.0\plexus-component-annotations-2.1.0.jar;C:\Users\bouzi\.m2\repository\org\apache\commons\commons-lang3\3.8.1\commons-lang3-3.8.1.jar;C:\Users\bouzi\.m2\repository\org\apache\commons\commons-text\1.3\commons-text-1.3.jar;C:\Users\bouzi\.m2\repository\org\apache\httpcomponents\httpclient\4.5.13\httpclient-4.5.13.jar;C:\Users\bouzi\.m2\repository\org\apache\httpcomponents\httpcore\4.4.14\httpcore-4.4.14.jar;C:\Users\bouzi\.m2\repository\org\apache\maven\doxia\doxia-module-xdoc\1.12.0\doxia-module-xdoc-1.12.0.jar;C:\Users\bouzi\.m2\repository\com\github\bordertech\buildtools\badger\1.0.0\badger-1.0.0.jar;C:\Users\bouzi\.m2\repository\org\apache\maven\maven-plugin-api\3.3.3\maven-plugin-api-3.3.3.jar;C:\Users\bouzi\.m2\repository\org\apache\maven\maven-model\3.3.3\maven-model-3.3.3.jar;C:\Users\bouzi\.m2\repository\org\apache\maven\maven-artifact\3.3.3\maven-artifact-3.3.3.jar;C:\Users\bouzi\.m2\repository\org\eclipse\sisu\org.eclipse.sisu.plexus\0.3.0\org.eclipse.sisu.plexus-0.3.0.jar;C:\Users\bouzi\.m2\repository\javax\enterprise\cdi-api\1.0\cdi-api-1.0.jar;C:\Users\bouzi\.m2\repository\javax\annotation\jsr250-api\1.0\jsr250-api-1.0.jar;C:\Users\bouzi\.m2\repository\javax\inject\javax.inject\1\javax.inject-1.jar;C:\Users\bouzi\.m2\repository\org\eclipse\sisu\org.eclipse.sisu.inject\0.3.0\org.eclipse.sisu.inject-0.3.0.jar;C:\Users\bouzi\.m2\repository\org\apache\commons\commons-collections4\4.0\commons-collections4-4.0.jar;"/>
    <property name="java.vm.vendor" value="Oracle Corporation"/>
    <property name="sun.arch.data.model" value="64"/>
    <property name="user.variant" value=""/>
    <property name="java.vendor.url" value="https://java.oracle.com/"/>
    <property name="user.timezone" value="Europe/Paris"/>
    <property name="os.name" value="Windows 11"/>
    <property name="java.vm.specification.version" value="19"/>
    <property name="sun.java.launcher" value="SUN_STANDARD"/>
    <property name="user.country" value="FR"/>
    <property name="sun.boot.library.path" value="C:\Program Files\Java\jdk-19\bin"/>
    <property name="sun.java.command" value="C:\Users\bouzi\AppData\Local\Temp\surefire13823643718050841190\surefirebooter10393063217067575574.jar C:\Users\bouzi\AppData\Local\Temp\surefire13823643718050841190 2024-04-06T22-07-02_159-jvmRun1 surefire16869210387395364095tmp surefire_015298174129246723458tmp"/>
    <property name="jdk.debug" value="release"/>
    <property name="surefire.test.class.path" value="C:\Users\bouzi\IdeaProjects\ceri-m1-techniques-de-test\target\test-classes;C:\Users\bouzi\IdeaProjects\ceri-m1-techniques-de-test\target\classes;C:\Users\bouzi\.m2\repository\org\junit\jupiter\junit-jupiter-api\5.8.2\junit-jupiter-api-5.8.2.jar;C:\Users\bouzi\.m2\repository\org\opentest4j\opentest4j\1.2.0\opentest4j-1.2.0.jar;C:\Users\bouzi\.m2\repository\org\junit\platform\junit-platform-commons\1.8.2\junit-platform-commons-1.8.2.jar;C:\Users\bouzi\.m2\repository\org\apiguardian\apiguardian-api\1.1.2\apiguardian-api-1.1.2.jar;C:\Users\bouzi\.m2\repository\org\junit\jupiter\junit-jupiter-engine\5.8.2\junit-jupiter-engine-5.8.2.jar;C:\Users\bouzi\.m2\repository\org\junit\platform\junit-platform-engine\1.8.2\junit-platform-engine-1.8.2.jar;C:\Users\bouzi\.m2\repository\org\mockito\mockito-core\4.2.0\mockito-core-4.2.0.jar;C:\Users\bouzi\.m2\repository\net\bytebuddy\byte-buddy\1.12.4\byte-buddy-1.12.4.jar;C:\Users\bouzi\.m2\repository\net\bytebuddy\byte-buddy-agent\1.12.4\byte-buddy-agent-1.12.4.jar;C:\Users\bouzi\.m2\repository\org\objenesis\objenesis\3.2\objenesis-3.2.jar;C:\Users\bouzi\.m2\repository\org\mockito\mockito-junit-jupiter\4.2.0\mockito-junit-jupiter-4.2.0.jar;C:\Users\bouzi\.m2\repository\org\mockito\mockito-inline\4.2.0\mockito-inline-4.2.0.jar;C:\Users\bouzi\.m2\repository\com\puppycrawl\tools\checkstyle\10.14.2\checkstyle-10.14.2.jar;C:\Users\bouzi\.m2\repository\info\picocli\picocli\4.7.5\picocli-4.7.5.jar;C:\Users\bouzi\.m2\repository\org\antlr\antlr4-runtime\4.13.1\antlr4-runtime-4.13.1.jar;C:\Users\bouzi\.m2\repository\commons-beanutils\commons-beanutils\1.9.4\commons-beanutils-1.9.4.jar;C:\Users\bouzi\.m2\repository\commons-logging\commons-logging\1.2\commons-logging-1.2.jar;C:\Users\bouzi\.m2\repository\commons-collections\commons-collections\3.2.2\commons-collections-3.2.2.jar;C:\Users\bouzi\.m2\repository\com\google\guava\guava\33.1.0-jre\guava-33.1.0-jre.jar;C:\Users\bouzi\.m2\repository\com\google\guava\failureaccess\1.0.2\failureaccess-1.0.2.jar;C:\Users\bouzi\.m2\repository\com\google\guava\listenablefuture\9999.0-empty-to-avoid-conflict-with-guava\listenablefuture-9999.0-empty-to-avoid-conflict-with-guava.jar;C:\Users\bouzi\.m2\repository\com\google\code\findbugs\jsr305\3.0.2\jsr305-3.0.2.jar;C:\Users\bouzi\.m2\repository\com\google\errorprone\error_prone_annotations\2.26.1\error_prone_annotations-2.26.1.jar;C:\Users\bouzi\.m2\repository\com\google\j2objc\j2objc-annotations\3.0.0\j2objc-annotations-3.0.0.jar;C:\Users\bouzi\.m2\repository\org\reflections\reflections\0.10.2\reflections-0.10.2.jar;C:\Users\bouzi\.m2\repository\org\javassist\javassist\3.28.0-GA\javassist-3.28.0-GA.jar;C:\Users\bouzi\.m2\repository\org\slf4j\slf4j-api\1.7.32\slf4j-api-1.7.32.jar;C:\Users\bouzi\.m2\repository\net\sf\saxon\Saxon-HE\12.4\Saxon-HE-12.4.jar;C:\Users\bouzi\.m2\repository\org\xmlresolver\xmlresolver\5.2.2\xmlresolver-5.2.2.jar;C:\Users\bouzi\.m2\repository\org\apache\httpcomponents\client5\httpclient5\5.1.3\httpclient5-5.1.3.jar;C:\Users\bouzi\.m2\repository\org\apache\httpcomponents\core5\httpcore5-h2\5.1.3\httpcore5-h2-5.1.3.jar;C:\Users\bouzi\.m2\repository\commons-codec\commons-codec\1.15\commons-codec-1.15.jar;C:\Users\bouzi\.m2\repository\org\apache\httpcomponents\core5\httpcore5\5.1.3\httpcore5-5.1.3.jar;C:\Users\bouzi\.m2\repository\org\xmlresolver\xmlresolver\5.2.2\xmlresolver-5.2.2-data.jar;C:\Users\bouzi\.m2\repository\org\checkerframework\checker-qual\3.42.0\checker-qual-3.42.0.jar;C:\Users\bouzi\.m2\repository\org\apache\maven\doxia\doxia-core\1.12.0\doxia-core-1.12.0.jar;C:\Users\bouzi\.m2\repository\org\apache\maven\doxia\doxia-sink-api\1.12.0\doxia-sink-api-1.12.0.jar;C:\Users\bouzi\.m2\repository\org\apache\maven\doxia\doxia-logging-api\1.12.0\doxia-logging-api-1.12.0.jar;C:\Users\bouzi\.m2\repository\org\codehaus\plexus\plexus-utils\3.3.0\plexus-utils-3.3.0.jar;C:\Users\bouzi\.m2\repository\org\codehaus\plexus\plexus-container-default\2.1.0\plexus-container-default-2.1.0.jar;C:\Users\bouzi\.m2\repository\org\codehaus\plexus\plexus-classworlds\2.6.0\plexus-classworlds-2.6.0.jar;C:\Users\bouzi\.m2\repository\org\apache\xbean\xbean-reflect\3.7\xbean-reflect-3.7.jar;C:\Users\bouzi\.m2\repository\org\codehaus\plexus\plexus-component-annotations\2.1.0\plexus-component-annotations-2.1.0.jar;C:\Users\bouzi\.m2\repository\org\apache\commons\commons-lang3\3.8.1\commons-lang3-3.8.1.jar;C:\Users\bouzi\.m2\repository\org\apache\commons\commons-text\1.3\commons-text-1.3.jar;C:\Users\bouzi\.m2\repository\org\apache\httpcomponents\httpclient\4.5.13\httpclient-4.5.13.jar;C:\Users\bouzi\.m2\repository\org\apache\httpcomponents\httpcore\4.4.14\httpcore-4.4.14.jar;C:\Users\bouzi\.m2\repository\org\apache\maven\doxia\doxia-module-xdoc\1.12.0\doxia-module-xdoc-1.12.0.jar;C:\Users\bouzi\.m2\repository\com\github\bordertech\buildtools\badger\1.0.0\badger-1.0.0.jar;C:\Users\bouzi\.m2\repository\org\apache\maven\maven-plugin-api\3.3.3\maven-plugin-api-3.3.3.jar;C:\Users\bouzi\.m2\repository\org\apache\maven\maven-model\3.3.3\maven-model-3.3.3.jar;C:\Users\bouzi\.m2\repository\org\apache\maven\maven-artifact\3.3.3\maven-artifact-3.3.3.jar;C:\Users\bouzi\.m2\repository\org\eclipse\sisu\org.eclipse.sisu.plexus\0.3.0\org.eclipse.sisu.plexus-0.3.0.jar;C:\Users\bouzi\.m2\repository\javax\enterprise\cdi-api\1.0\cdi-api-1.0.jar;C:\Users\bouzi\.m2\repository\javax\annotation\jsr250-api\1.0\jsr250-api-1.0.jar;C:\Users\bouzi\.m2\repository\javax\inject\javax.inject\1\javax.inject-1.jar;C:\Users\bouzi\.m2\repository\org\eclipse\sisu\org.eclipse.sisu.inject\0.3.0\org.eclipse.sisu.inject-0.3.0.jar;C:\Users\bouzi\.m2\repository\org\apache\commons\commons-collections4\4.0\commons-collections4-4.0.jar;"/>
    <property name="sun.cpu.endian" value="little"/>
    <property name="user.home" value="C:\Users\bouzi"/>
    <property name="user.language" value="fr"/>
    <property name="java.specification.vendor" value="Oracle Corporation"/>
    <property name="java.version.date" value="2023-01-17"/>
    <property name="java.home" value="C:\Program Files\Java\jdk-19"/>
    <property name="file.separator" value="\"/>
    <property name="basedir" value="C:\Users\bouzi\IdeaProjects\ceri-m1-techniques-de-test"/>
    <property name="java.vm.compressedOopsMode" value="Zero based"/>
    <property name="line.separator" value="&#10;"/>
    <property name="java.vm.specification.vendor" value="Oracle Corporation"/>
    <property name="java.specification.name" value="Java Platform API Specification"/>
    <property name="surefire.real.class.path" value="C:\Users\bouzi\AppData\Local\Temp\surefire13823643718050841190\surefirebooter10393063217067575574.jar"/>
    <property name="user.script" value=""/>
    <property name="sun.management.compiler" value="HotSpot 64-Bit Tiered Compilers"/>
    <property name="java.runtime.version" value="19.0.2+7-44"/>
    <property name="user.name" value="bouzi"/>
    <property name="stdout.encoding" value="Cp1252"/>
    <property name="path.separator" value=";"/>
    <property name="os.version" value="10.0"/>
    <property name="java.runtime.name" value="Java(TM) SE Runtime Environment"/>
    <property name="file.encoding" value="UTF-8"/>
    <property name="java.vm.name" value="Java HotSpot(TM) 64-Bit Server VM"/>
    <property name="localRepository" value="C:\Users\bouzi\.m2\repository"/>
    <property name="java.vendor.url.bug" value="https://bugreport.java.com/bugreport/"/>
    <property name="java.io.tmpdir" value="C:\Users\bouzi\AppData\Local\Temp\"/>
    <property name="java.version" value="19.0.2"/>
    <property name="user.dir" value="C:\Users\bouzi\IdeaProjects\ceri-m1-techniques-de-test"/>
    <property name="os.arch" value="amd64"/>
    <property name="java.vm.specification.name" value="Java Virtual Machine Specification"/>
    <property name="sun.os.patch.level" value=""/>
    <property name="native.encoding" value="Cp1252"/>
    <property name="java.library.path" value="C:\Program Files\Java\jdk-19\bin;C:\WINDOWS\Sun\Java\bin;C:\WINDOWS\system32;C:\WINDOWS;C:\Program Files\Common Files\Oracle\Java\javapath;C:\Program Files (x86)\Common Files\Oracle\Java\javapath;C:\WINDOWS\system32;C:\WINDOWS;C:\WINDOWS\System32\Wbem;C:\WINDOWS\System32\WindowsPowerShell\v1.0\;C:\WINDOWS\System32\OpenSSH\;C:\Program Files\Git\cmd;C:\Apache\Maven\bin;C:\Users\bouzi\AppData\Local\Programs\Python\Launcher\;C:\Users\bouzi\AppData\Local\Programs\Microsoft VS Code\bin;C:\Users\bouzi\AppData\Local\Microsoft\WindowsApps;C:\Apache\Maven\bin;;."/>
    <property name="java.vm.info" value="mixed mode, sharing"/>
    <property name="stderr.encoding" value="Cp1252"/>
    <property name="java.vendor" value="Oracle Corporation"/>
    <property name="java.vm.version" value="19.0.2+7-44"/>
    <property name="sun.io.unicode.encoding" value="UnicodeLittle"/>
    <property name="java.class.version" value="63.0"/>
  </properties>
  <testcase name="getPokemonMetadata_invalidIndexInfZero" classname="fr.univavignon.pokedex.api.IPokemonMetadataProviderTest" time="0.264"/>
  <testcase name="getPokemonMetadata_invalidIndexNull" classname="fr.univavignon.pokedex.api.IPokemonMetadataProviderTest" time="0.015"/>
  <testcase name="getPokemonMetadata_AvecValidIndexBulbizarre" classname="fr.univavignon.pokedex.api.IPokemonMetadataProviderTest" time="0.011"/>
  <testcase name="getPokemonMetadata_AvecValidIndexAquali" classname="fr.univavignon.pokedex.api.IPokemonMetadataProviderTest" time="0.008"/>
  <testcase name="getPokemonMetadata_invalidIndexSup150" classname="fr.univavignon.pokedex.api.IPokemonMetadataProviderTest" time="0.01"/>
</testsuite>